Restore Archived Project report for BeMicroMax10
Fri Oct 11 09:12:05 2019
Quartus Prime Version 18.1.0 Build 625 09/12/2018 SJ Lite Edition


---------------------
; Table of Contents ;
---------------------
  1. Legal Notice
  2. Restore Archived Project Summary
  3. Restore Archived Project Messages
  4. Files Restored
  5. Files Not Restored



----------------
; Legal Notice ;
----------------
Copyright (C) 2018  Intel Corporation. All rights reserved.
Your use of Intel Corporation's design tools, logic functions 
and other software and tools, and its AMPP partner logic 
functions, and any output files from any of the foregoing 
(including device programming or simulation files), and any 
associated documentation or information are expressly subject 
to the terms and conditions of the Intel Program License 
Subscription Agreement, the Intel Quartus Prime License Agreement,
the Intel FPGA IP License Agreement, or other applicable license
agreement, including, without limitation, that your use is for
the sole purpose of programming logic devices manufactured by
Intel and sold by Intel or its authorized distributors.  Please
refer to the applicable agreement for further details.



+-------------------------------------------------------------------------+
; Restore Archived Project Summary                                        ;
+---------------------------------+---------------------------------------+
; Restore Archived Project Status ; Successful - Fri Oct 11 09:12:05 2019 ;
; Revision Name                   ; BeMicroMax10                          ;
; Top-level Entity Name           ; BeMicroMax10                          ;
; Family                          ; MAX 10                                ;
+---------------------------------+---------------------------------------+


+-----------------------------------+
; Restore Archived Project Messages ;
+-----------------------------------+
Info: Successfully restored 'D:/FPGA/PDM_BACK/BeMicroMax10_pdm.qar' into the 'D:\\FPGA\\BeMicroMax10_pdm/' directory
Info: Generated report 'BeMicroMax10.restore.rpt'
Info (23030): Evaluation of Tcl script c:/intelfpga_lite/18.1/quartus/common/tcl/apps/qpm/qar.tcl was successful
Info: Quartus Prime Shell was successful. 0 errors, 0 warnings
    Info: Peak virtual memory: 4875 megabytes
    Info: Processing ended: Fri Oct 11 09:12:05 2019
    Info: Elapsed time: 00:00:03
    Info: Total CPU time (on all processors): 00:00:02


+------------------------------------------------------------------------------------------------+
; Files Restored                                                                                 ;
+------------------------------------------------------------------------------------------------+
; File Name                                                                                      ;
+------------------------------------------------------------------------------------------------+
; qar_info.json                                                                                  ;
; BeMicroMax10.qpf                                                                               ;
; BeMicroMax10.qsf                                                                               ;
; BeMicroMax10_assignment_defaults.qdf                                                           ;
; db/stp1_auto_stripped.stp                                                                      ;
; ip/PDM/SMUL_10_14.cmp                                                                          ;
; ip/PDM/SMUL_10_14.qip                                                                          ;
; ip/PDM/SMUL_10_14.vhd                                                                          ;
; ip/PDM/SMUL_8_14.vhd                                                                           ;
; ip/PDM/add14_x_2.vhd                                                                           ;
; ip/PDM/add8bit_x_8.vhd                                                                         ;
; ip/PDM/coef_rom16_64.vhd                                                                       ;
; ip/PDM/fir_16b31t.vhd                                                                          ;
; ip/PDM/fir_16b63t.vhd                                                                          ;
; ip/PDM/fir_1b128t.vhd                                                                          ;
; ip/PDM/lowpass_coef31.vhd                                                                      ;
; ip/PDM/lowpass_coef31_0R08.vhd                                                                 ;
; ip/PDM/lowpass_coef31_0R1.vhd                                                                  ;
; ip/PDM/lowpass_coef63_0R1.vhd                                                                  ;
; ip/PDM/lowpass_coef63_0R12.vhd                                                                 ;
; ip/PDM/pdm_amseq.vhd                                                                           ;
; ip/PDM/pdm_core.vhd                                                                            ;
; ip/PDM/pdm_core2.vhd                                                                           ;
; ip/PDM/pdm_cpuif.vhd                                                                           ;
; ip/PDM/pdm_if.vhd                                                                              ;
; ip/PDM/pdm_mod.vhd                                                                             ;
; ip/PDM/pdmdatabuf.vhd                                                                          ;
; ip/PDM/sadd_28.vhd                                                                             ;
; ip/PDM/sd1bitDA16.vhd                                                                          ;
; ip/PDM/wave_buf.vhd                                                                            ;
; ip/PDM/wave_buf_16_32.vhd                                                                      ;
; ip/avalon_master/avalon_master_write_mod.vhd                                                   ;
; ip/avalon_master/burst_buf4.vhd                                                                ;
; ip/ft245_mod/TxFIFO.vhd                                                                        ;
; ip/ft245_mod/ft245if2.vhd                                                                      ;
; lcd.stp                                                                                        ;
; nios/av_si_8_hw.tcl                                                                            ;
; nios/av_sl_hw.tcl                                                                              ;
; nios/av_sl_irq_hw.tcl                                                                          ;
; nios/av_wr_master_hw.tcl                                                                       ;
; nios/ft245if2_hw.tcl                                                                           ;
; nios/nios.qsys                                                                                 ;
; nios/nios.sopcinfo                                                                             ;
; nios/nios/nios.cmp                                                                             ;
; nios/nios/synthesis/nios.debuginfo                                                             ;
; nios/nios/synthesis/nios.qip                                                                   ;
; nios/nios/synthesis/nios.regmap                                                                ;
; nios/nios/synthesis/nios.vhd                                                                   ;
; nios/nios/synthesis/nios_rst_controller.vhd                                                    ;
; nios/nios/synthesis/nios_rst_controller_001.vhd                                                ;
; nios/nios/synthesis/submodules/altera_avalon_dc_fifo.sdc                                       ;
; nios/nios/synthesis/submodules/altera_avalon_sc_fifo.v                                         ;
; nios/nios/synthesis/submodules/altera_avalon_st_handshake_clock_crosser.sdc                    ;
; nios/nios/synthesis/submodules/altera_avalon_st_pipeline_base.v                                ;
; nios/nios/synthesis/submodules/altera_avalon_st_pipeline_stage.sv                              ;
; nios/nios/synthesis/submodules/altera_default_burst_converter.sv                               ;
; nios/nios/synthesis/submodules/altera_incr_burst_converter.sv                                  ;
; nios/nios/synthesis/submodules/altera_merlin_address_alignment.sv                              ;
; nios/nios/synthesis/submodules/altera_merlin_arbitrator.sv                                     ;
; nios/nios/synthesis/submodules/altera_merlin_burst_adapter.sv                                  ;
; nios/nios/synthesis/submodules/altera_merlin_burst_adapter_13_1.sv                             ;
; nios/nios/synthesis/submodules/altera_merlin_burst_adapter_new.sv                              ;
; nios/nios/synthesis/submodules/altera_merlin_burst_adapter_uncmpr.sv                           ;
; nios/nios/synthesis/submodules/altera_merlin_burst_uncompressor.sv                             ;
; nios/nios/synthesis/submodules/altera_merlin_master_agent.sv                                   ;
; nios/nios/synthesis/submodules/altera_merlin_master_translator.sv                              ;
; nios/nios/synthesis/submodules/altera_merlin_reorder_memory.sv                                 ;
; nios/nios/synthesis/submodules/altera_merlin_slave_agent.sv                                    ;
; nios/nios/synthesis/submodules/altera_merlin_slave_translator.sv                               ;
; nios/nios/synthesis/submodules/altera_merlin_traffic_limiter.sv                                ;
; nios/nios/synthesis/submodules/altera_merlin_width_adapter.sv                                  ;
; nios/nios/synthesis/submodules/altera_onchip_flash.sdc                                         ;
; nios/nios/synthesis/submodules/altera_onchip_flash.v                                           ;
; nios/nios/synthesis/submodules/altera_onchip_flash_avmm_csr_controller.v                       ;
; nios/nios/synthesis/submodules/altera_onchip_flash_avmm_data_controller.v                      ;
; nios/nios/synthesis/submodules/altera_onchip_flash_util.v                                      ;
; nios/nios/synthesis/submodules/altera_reset_controller.sdc                                     ;
; nios/nios/synthesis/submodules/altera_reset_controller.v                                       ;
; nios/nios/synthesis/submodules/altera_reset_synchronizer.v                                     ;
; nios/nios/synthesis/submodules/altera_wrap_burst_converter.sv                                  ;
; nios/nios/synthesis/submodules/ft245if2.vhd                                                    ;
; nios/nios/synthesis/submodules/ili9341_spi16.vhd                                               ;
; nios/nios/synthesis/submodules/nios_DEBport.v                                                  ;
; nios/nios/synthesis/submodules/nios_button.v                                                   ;
; nios/nios/synthesis/submodules/nios_dma.v                                                      ;
; nios/nios/synthesis/submodules/nios_dma_LCD.v                                                  ;
; nios/nios/synthesis/submodules/nios_irq_mapper.sv                                              ;
; nios/nios/synthesis/submodules/nios_jtag_uart.v                                                ;
; nios/nios/synthesis/submodules/nios_mm_interconnect_0.v                                        ;
; nios/nios/synthesis/submodules/nios_mm_interconnect_0_avalon_st_adapter.v                      ;
; nios/nios/synthesis/submodules/nios_mm_interconnect_0_avalon_st_adapter_001.v                  ;
; nios/nios/synthesis/submodules/nios_mm_interconnect_0_avalon_st_adapter_001_error_adapter_0.sv ;
; nios/nios/synthesis/submodules/nios_mm_interconnect_0_avalon_st_adapter_error_adapter_0.sv     ;
; nios/nios/synthesis/submodules/nios_mm_interconnect_0_cmd_demux.sv                             ;
; nios/nios/synthesis/submodules/nios_mm_interconnect_0_cmd_demux_001.sv                         ;
; nios/nios/synthesis/submodules/nios_mm_interconnect_0_cmd_demux_002.sv                         ;
; nios/nios/synthesis/submodules/nios_mm_interconnect_0_cmd_demux_003.sv                         ;
; nios/nios/synthesis/submodules/nios_mm_interconnect_0_cmd_demux_004.sv                         ;
; nios/nios/synthesis/submodules/nios_mm_interconnect_0_cmd_demux_005.sv                         ;
; nios/nios/synthesis/submodules/nios_mm_interconnect_0_cmd_demux_006.sv                         ;
; nios/nios/synthesis/submodules/nios_mm_interconnect_0_cmd_mux.sv                               ;
; nios/nios/synthesis/submodules/nios_mm_interconnect_0_cmd_mux_001.sv                           ;
; nios/nios/synthesis/submodules/nios_mm_interconnect_0_cmd_mux_003.sv                           ;
; nios/nios/synthesis/submodules/nios_mm_interconnect_0_cmd_mux_004.sv                           ;
; nios/nios/synthesis/submodules/nios_mm_interconnect_0_router.sv                                ;
; nios/nios/synthesis/submodules/nios_mm_interconnect_0_router_001.sv                            ;
; nios/nios/synthesis/submodules/nios_mm_interconnect_0_router_002.sv                            ;
; nios/nios/synthesis/submodules/nios_mm_interconnect_0_router_003.sv                            ;
; nios/nios/synthesis/submodules/nios_mm_interconnect_0_router_004.sv                            ;
; nios/nios/synthesis/submodules/nios_mm_interconnect_0_router_006.sv                            ;
; nios/nios/synthesis/submodules/nios_mm_interconnect_0_router_007.sv                            ;
; nios/nios/synthesis/submodules/nios_mm_interconnect_0_router_008.sv                            ;
; nios/nios/synthesis/submodules/nios_mm_interconnect_0_router_009.sv                            ;
; nios/nios/synthesis/submodules/nios_mm_interconnect_0_router_010.sv                            ;
; nios/nios/synthesis/submodules/nios_mm_interconnect_0_router_011.sv                            ;
; nios/nios/synthesis/submodules/nios_mm_interconnect_0_rsp_demux.sv                             ;
; nios/nios/synthesis/submodules/nios_mm_interconnect_0_rsp_demux_003.sv                         ;
; nios/nios/synthesis/submodules/nios_mm_interconnect_0_rsp_mux.sv                               ;
; nios/nios/synthesis/submodules/nios_mm_interconnect_0_rsp_mux_001.sv                           ;
; nios/nios/synthesis/submodules/nios_mm_interconnect_0_rsp_mux_002.sv                           ;
; nios/nios/synthesis/submodules/nios_mm_interconnect_0_rsp_mux_003.sv                           ;
; nios/nios/synthesis/submodules/nios_mm_interconnect_0_rsp_mux_004.sv                           ;
; nios/nios/synthesis/submodules/nios_mm_interconnect_0_rsp_mux_006.sv                           ;
; nios/nios/synthesis/submodules/nios_nios2_gen2.v                                               ;
; nios/nios/synthesis/submodules/nios_nios2_gen2_cpu.sdc                                         ;
; nios/nios/synthesis/submodules/nios_nios2_gen2_cpu.v                                           ;
; nios/nios/synthesis/submodules/nios_nios2_gen2_cpu_debug_slave_sysclk.v                        ;
; nios/nios/synthesis/submodules/nios_nios2_gen2_cpu_debug_slave_tck.v                           ;
; nios/nios/synthesis/submodules/nios_nios2_gen2_cpu_debug_slave_wrapper.v                       ;
; nios/nios/synthesis/submodules/nios_nios2_gen2_cpu_ociram_default_contents.mif                 ;
; nios/nios/synthesis/submodules/nios_nios2_gen2_cpu_rf_ram_a.mif                                ;
; nios/nios/synthesis/submodules/nios_nios2_gen2_cpu_rf_ram_b.mif                                ;
; nios/nios/synthesis/submodules/nios_nios2_gen2_cpu_test_bench.v                                ;
; nios/nios/synthesis/submodules/nios_pll.v                                                      ;
; nios/nios/synthesis/submodules/nios_sdram.v                                                    ;
; nios/nios/synthesis/submodules/nios_serialflash.v                                              ;
; nios/nios/synthesis/submodules/nios_serialflash_boot_rom.hex                                   ;
; nios/nios/synthesis/submodules/nios_sys_clk_timer.v                                            ;
; nios/nios/synthesis/submodules/nios_sysid.v                                                    ;
; nios/nios/synthesis/submodules/rtl/altera_onchip_flash_block.v                                 ;
; output_files/stp1.stp                                                                          ;
; pdm.stp                                                                                        ;
; src/BeMicroMax10.sdc                                                                           ;
; src/BeMicroMax10.vhd                                                                           ;
+------------------------------------------------------------------------------------------------+


+--------------------+
; Files Not Restored ;
+--------------------+
; File Name          ;
+--------------------+


